[2025-06-27 02:15:06] This is codeql execute queries -J-Xmx12873M --off-heap-ram=16015 --verbosity=progress --logdir=/home/ace4_sijune/test/AVR/codeql/codeql_db_4175440/log --evaluator-log-level=5 --warnings=show --dynamic-join-order-mode=none --search-path=/opt/codeql-repo:/home/ace4_sijune/test/AVR/rule/VUL4J-1 --qlconfig-file=/home/ace4_sijune/test/AVR/qlconfig.yml --output=/home/ace4_sijune/test/AVR/rule/VUL4J-39/qwen_32b/codeql39-UaaAuthenticationDetails.ql.bqrs -- /home/ace4_sijune/test/AVR/codeql/codeql_db_4175440/db-java path:/home/ace4_sijune/test/AVR/rule/VUL4J-39/qwen_32b/codeql39-UaaAuthenticationDetails.ql
[2025-06-27 02:15:06] Calling plumbing command: codeql resolve queries --search-path=/opt/codeql-repo:/home/ace4_sijune/test/AVR/rule/VUL4J-1 --qlconfig-file=/home/ace4_sijune/test/AVR/qlconfig.yml --format=json -- path:/home/ace4_sijune/test/AVR/rule/VUL4J-39/qwen_32b/codeql39-UaaAuthenticationDetails.ql
[2025-06-27 02:15:06] [PROGRESS] resolve queries> Recording pack reference (anonymous QL pack at /home/ace4_sijune/test/AVR/rule/VUL4J-39/qwen_32b/codeql39-UaaAuthenticationDetails.ql) at /home/ace4_sijune/test/AVR/rule/VUL4J-39/qwen_32b.
[2025-06-27 02:15:06] Plumbing command codeql resolve queries completed:
                      [
                        "/home/ace4_sijune/test/AVR/rule/VUL4J-39/qwen_32b/codeql39-UaaAuthenticationDetails.ql"
                      ]
[2025-06-27 02:15:06] Refusing fancy output: $CODEQL_ISATTY terminal indication is missing
[2025-06-27 02:15:06] Creating executor with 1 threads.
[2025-06-27 02:15:06] Calling plumbing command: codeql resolve extensions --search-path=/opt/codeql-repo:/home/ace4_sijune/test/AVR/rule/VUL4J-1 --qlconfig-file=/home/ace4_sijune/test/AVR/qlconfig.yml --include-extension-row-locations path:/home/ace4_sijune/test/AVR/rule/VUL4J-39/qwen_32b/codeql39-UaaAuthenticationDetails.ql
[2025-06-27 02:15:06] Calling plumbing command: codeql resolve queries --search-path=/opt/codeql-repo:/home/ace4_sijune/test/AVR/rule/VUL4J-1 --qlconfig-file=/home/ace4_sijune/test/AVR/qlconfig.yml --allow-library-packs --format startingpacks -- path:/home/ace4_sijune/test/AVR/rule/VUL4J-39/qwen_32b/codeql39-UaaAuthenticationDetails.ql
[2025-06-27 02:15:06] [PROGRESS] resolve queries> Recording pack reference (anonymous QL pack at /home/ace4_sijune/test/AVR/rule/VUL4J-39/qwen_32b/codeql39-UaaAuthenticationDetails.ql) at /home/ace4_sijune/test/AVR/rule/VUL4J-39/qwen_32b.
[2025-06-27 02:15:06] Plumbing command codeql resolve queries completed:
                      [
                        "/home/ace4_sijune/test/AVR/rule/VUL4J-39/qwen_32b"
                      ]
[2025-06-27 02:15:06] Calling plumbing command: codeql resolve extensions-by-pack --search-path=/opt/codeql-repo:/home/ace4_sijune/test/AVR/rule/VUL4J-1 --qlconfig-file=/home/ace4_sijune/test/AVR/qlconfig.yml --include-extension-row-locations -- /home/ace4_sijune/test/AVR/rule/VUL4J-39/qwen_32b
[2025-06-27 02:15:06] [SPAMMY] resolve extensions-by-pack> [INCOMPATIBILITY] <anonymous pack>: not 0.0.0 {root: <anonymous pack>@0.0.0}
[2025-06-27 02:15:06] [SPAMMY] resolve extensions-by-pack> [DERIVATION] <anonymous pack>: 0.0.0 {<anonymous pack>: not 0.0.0 {root: <anonymous pack>@0.0.0}}
[2025-06-27 02:15:06] [SPAMMY] resolve extensions-by-pack> [DECISION 1] <anonymous pack>: 0.0.0
[2025-06-27 02:15:06] Plumbing command codeql resolve extensions-by-pack completed:
                      {
                        "models" : [ ],
                        "data" : { },
                        "threatModels" : { },
                        "extensionPacks" : [ ]
                      }
[2025-06-27 02:15:06] Plumbing command codeql resolve extensions completed:
                      {
                        "models" : [ ],
                        "data" : { },
                        "threatModels" : { },
                        "extensionPacks" : [ ]
                      }
[2025-06-27 02:15:07] Calling plumbing command: codeql resolve library-path --search-path=/opt/codeql-repo:/home/ace4_sijune/test/AVR/rule/VUL4J-1 --qlconfig-file=/home/ace4_sijune/test/AVR/qlconfig.yml --query=/home/ace4_sijune/test/AVR/rule/VUL4J-39/qwen_32b/codeql39-UaaAuthenticationDetails.ql --format=json
[2025-06-27 02:15:07] [DETAILS] resolve library-path> Resolving query at normalized path /home/ace4_sijune/test/AVR/rule/VUL4J-39/qwen_32b/codeql39-UaaAuthenticationDetails.ql.
[2025-06-27 02:15:07] [DETAILS] resolve library-path> Found no pack; trying after symlink resolution with /home/ace4_sijune/test/AVR/rule/VUL4J-39/qwen_32b/codeql39-UaaAuthenticationDetails.ql.
[2025-06-27 02:15:07] [DETAILS] resolve library-path> Found enclosing pack 'qwen_32b' at /home/ace4_sijune/test/AVR/rule/VUL4J-39/qwen_32b.
[2025-06-27 02:15:07] [DETAILS] resolve library-path> Adding compilation cache at /home/ace4_sijune/.codeql/compile-cache.
[2025-06-27 02:15:07] [DETAILS] resolve library-path> Resolving library dependencies from /home/ace4_sijune/test/AVR/rule/VUL4J-39/qwen_32b/codeql39-UaaAuthenticationDetails.ql.
[2025-06-27 02:15:07] [SPAMMY] resolve library-path> [INCOMPATIBILITY] <anonymous pack>: not 0.0.0 {root: <anonymous pack>@0.0.0}
[2025-06-27 02:15:07] [SPAMMY] resolve library-path> [DERIVATION] <anonymous pack>: 0.0.0 {<anonymous pack>: not 0.0.0 {root: <anonymous pack>@0.0.0}}
[2025-06-27 02:15:07] [SPAMMY] resolve library-path> [DECISION 1] <anonymous pack>: 0.0.0
[2025-06-27 02:15:07] [DETAILS] resolve library-path> QL pack dependencies for /home/ace4_sijune/test/AVR/rule/VUL4J-39/qwen_32b resolved OK.
[2025-06-27 02:15:07] [DETAILS] resolve library-path> Found no dbscheme through dependencies.
[2025-06-27 02:15:07] Plumbing command codeql resolve library-path completed:
                      {
                        "libraryPath" : [
                          "/home/ace4_sijune/test/AVR/rule/VUL4J-39/qwen_32b"
                        ],
                        "compilationCache" : [
                          "/home/ace4_sijune/.codeql/compile-cache"
                        ],
                        "relativeName" : "qwen_32b/codeql39-UaaAuthenticationDetails.ql",
                        "possibleAdvice" : "There should probably be a qlpack.yml file declaring dependencies in /home/ace4_sijune/test/AVR/rule/VUL4J-39/qwen_32b or an enclosing directory.",
                        "qlPackName" : "qwen_32b"
                      }
[2025-06-27 02:15:07] [PROGRESS] execute queries> Compiling query plan for /home/ace4_sijune/test/AVR/rule/VUL4J-39/qwen_32b/codeql39-UaaAuthenticationDetails.ql.
[2025-06-27 02:15:07] [DETAILS] execute queries> Resolving imports for /home/ace4_sijune/test/AVR/rule/VUL4J-39/qwen_32b/codeql39-UaaAuthenticationDetails.ql.
[2025-06-27 02:15:07] Resolved file set for /home/ace4_sijune/test/AVR/rule/VUL4J-39/qwen_32b/codeql39-UaaAuthenticationDetails.ql hashes to 4b34a8c66b643d8338b234cf58c13ec0.
[2025-06-27 02:15:07] [DETAILS] execute queries> Checking QL for /home/ace4_sijune/test/AVR/rule/VUL4J-39/qwen_32b/codeql39-UaaAuthenticationDetails.ql.
[2025-06-27 02:15:07] Stale frontend caches are invalidated based on import graph reachability.
[2025-06-27 02:15:07] ExternalModuleBindingPass ...
[2025-06-27 02:15:07] ExternalModuleBindingPass time: 00:00.000
[2025-06-27 02:15:07] CollectInstantiationsPass ...
[2025-06-27 02:15:07] CollectInstantiationsPass time: 00:00.004
[2025-06-27 02:15:07] Ql checks ...
[2025-06-27 02:15:07] Ql checks time: 00:00.066
[2025-06-27 02:15:07] [ERROR] execute queries> ERROR: could not resolve module java (/home/ace4_sijune/test/AVR/rule/VUL4J-39/qwen_32b/codeql39-UaaAuthenticationDetails.ql:9,8-12)
[2025-06-27 02:15:07] [ERROR] execute queries> ERROR: could not resolve module semmle.code.java.dataflow.DataFlow (/home/ace4_sijune/test/AVR/rule/VUL4J-39/qwen_32b/codeql39-UaaAuthenticationDetails.ql:10,8-42)
[2025-06-27 02:15:07] [ERROR] execute queries> ERROR: could not resolve module DataFlow (/home/ace4_sijune/test/AVR/rule/VUL4J-39/qwen_32b/codeql39-UaaAuthenticationDetails.ql:12,26-34)
[2025-06-27 02:15:07] [ERROR] execute queries> ERROR: asParameter() cannot be resolved for type VulnSource.extends (/home/ace4_sijune/test/AVR/rule/VUL4J-39/qwen_32b/codeql39-UaaAuthenticationDetails.ql:14,10-21)
[2025-06-27 02:15:07] [ERROR] execute queries> ERROR: could not resolve module DataFlow (/home/ace4_sijune/test/AVR/rule/VUL4J-39/qwen_32b/codeql39-UaaAuthenticationDetails.ql:18,24-32)
[2025-06-27 02:15:07] [ERROR] execute queries> ERROR: could not resolve type MethodAccess (/home/ace4_sijune/test/AVR/rule/VUL4J-39/qwen_32b/codeql39-UaaAuthenticationDetails.ql:20,12-24)
[2025-06-27 02:15:07] [ERROR] execute queries> ERROR: asExpr() cannot be resolved for type VulnSink.extends (/home/ace4_sijune/test/AVR/rule/VUL4J-39/qwen_32b/codeql39-UaaAuthenticationDetails.ql:22,12-18)
[2025-06-27 02:15:07] [ERROR] execute queries> ERROR: could not resolve module DataFlow (/home/ace4_sijune/test/AVR/rule/VUL4J-39/qwen_32b/codeql39-UaaAuthenticationDetails.ql:29,26-34)
[2025-06-27 02:15:07] [ERROR] execute queries> ERROR: could not resolve module DataFlow (/home/ace4_sijune/test/AVR/rule/VUL4J-39/qwen_32b/codeql39-UaaAuthenticationDetails.ql:32,31-39)
[2025-06-27 02:15:07] [ERROR] execute queries> ERROR: could not resolve module DataFlow (/home/ace4_sijune/test/AVR/rule/VUL4J-39/qwen_32b/codeql39-UaaAuthenticationDetails.ql:36,29-37)
[2025-06-27 02:15:07] [ERROR] execute queries> ERROR: could not resolve module DataFlow (/home/ace4_sijune/test/AVR/rule/VUL4J-39/qwen_32b/codeql39-UaaAuthenticationDetails.ql:40,32-40)
[2025-06-27 02:15:07] [ERROR] execute queries> ERROR: could not resolve module DataFlow (/home/ace4_sijune/test/AVR/rule/VUL4J-39/qwen_32b/codeql39-UaaAuthenticationDetails.ql:45,25-33)
[2025-06-27 02:15:07] [ERROR] execute queries> ERROR: could not resolve module DataFlow (/home/ace4_sijune/test/AVR/rule/VUL4J-39/qwen_32b/codeql39-UaaAuthenticationDetails.ql:45,48-56)
[2025-06-27 02:15:07] [WARN] execute queries> WARNING: unused method 'isSource' (/home/ace4_sijune/test/AVR/rule/VUL4J-39/qwen_32b/codeql39-UaaAuthenticationDetails.ql:32,22-30)
[2025-06-27 02:15:07] [WARN] execute queries> WARNING: unused method 'isSink' (/home/ace4_sijune/test/AVR/rule/VUL4J-39/qwen_32b/codeql39-UaaAuthenticationDetails.ql:36,22-28)
[2025-06-27 02:15:07] [WARN] execute queries> WARNING: unused method 'isBarrier' (/home/ace4_sijune/test/AVR/rule/VUL4J-39/qwen_32b/codeql39-UaaAuthenticationDetails.ql:40,22-31)
[2025-06-27 02:15:07] Sequence stamp origin is -6033578188617714532
[2025-06-27 02:15:07] Pausing evaluation to close the cache at sequence stamp o+0
[2025-06-27 02:15:07] The disk cache is freshly trimmed; leave it be.
[2025-06-27 02:15:07] Unpausing evaluation
[2025-06-27 02:15:07] This NaiveBuddyAllocator requested 0 eviction rounds.
[2025-06-27 02:15:07] Exiting with code 2
