[2025-06-27 09:38:21] This is codeql execute queries -J-Xmx12873M --off-heap-ram=16015 --verbosity=progress --logdir=/home/ace4_sijune/test/AVR/codeql/codeql_db_153077/log --evaluator-log-level=5 --warnings=show --dynamic-join-order-mode=none --search-path=/opt/codeql-repo:/home/ace4_sijune/test/AVR/rule/VUL4J-1 --qlconfig-file=/home/ace4_sijune/test/AVR/qlconfig.yml --output=/home/ace4_sijune/test/AVR/rule/VUL4J-1/gemini-1_5-flash/codeql1-ObjectArrayCodec.ql.bqrs -- /home/ace4_sijune/test/AVR/codeql/codeql_db_153077/db-java path:/home/ace4_sijune/test/AVR/rule/VUL4J-1/gemini-1_5-flash/codeql1-ObjectArrayCodec.ql
[2025-06-27 09:38:21] Calling plumbing command: codeql resolve queries --search-path=/opt/codeql-repo:/home/ace4_sijune/test/AVR/rule/VUL4J-1 --qlconfig-file=/home/ace4_sijune/test/AVR/qlconfig.yml --format=json -- path:/home/ace4_sijune/test/AVR/rule/VUL4J-1/gemini-1_5-flash/codeql1-ObjectArrayCodec.ql
[2025-06-27 09:38:22] [PROGRESS] resolve queries> Recording pack reference (anonymous QL pack at /home/ace4_sijune/test/AVR/rule/VUL4J-1/gemini-1_5-flash/codeql1-ObjectArrayCodec.ql) at /home/ace4_sijune/test/AVR/rule/VUL4J-1/gemini-1_5-flash.
[2025-06-27 09:38:22] Plumbing command codeql resolve queries completed:
                      [
                        "/home/ace4_sijune/test/AVR/rule/VUL4J-1/gemini-1_5-flash/codeql1-ObjectArrayCodec.ql"
                      ]
[2025-06-27 09:38:22] Refusing fancy output: $CODEQL_ISATTY terminal indication is missing
[2025-06-27 09:38:22] Creating executor with 1 threads.
[2025-06-27 09:38:22] Calling plumbing command: codeql resolve extensions --search-path=/opt/codeql-repo:/home/ace4_sijune/test/AVR/rule/VUL4J-1 --qlconfig-file=/home/ace4_sijune/test/AVR/qlconfig.yml --include-extension-row-locations path:/home/ace4_sijune/test/AVR/rule/VUL4J-1/gemini-1_5-flash/codeql1-ObjectArrayCodec.ql
[2025-06-27 09:38:22] Calling plumbing command: codeql resolve queries --search-path=/opt/codeql-repo:/home/ace4_sijune/test/AVR/rule/VUL4J-1 --qlconfig-file=/home/ace4_sijune/test/AVR/qlconfig.yml --allow-library-packs --format startingpacks -- path:/home/ace4_sijune/test/AVR/rule/VUL4J-1/gemini-1_5-flash/codeql1-ObjectArrayCodec.ql
[2025-06-27 09:38:22] [PROGRESS] resolve queries> Recording pack reference (anonymous QL pack at /home/ace4_sijune/test/AVR/rule/VUL4J-1/gemini-1_5-flash/codeql1-ObjectArrayCodec.ql) at /home/ace4_sijune/test/AVR/rule/VUL4J-1/gemini-1_5-flash.
[2025-06-27 09:38:22] Plumbing command codeql resolve queries completed:
                      [
                        "/home/ace4_sijune/test/AVR/rule/VUL4J-1/gemini-1_5-flash"
                      ]
[2025-06-27 09:38:22] Calling plumbing command: codeql resolve extensions-by-pack --search-path=/opt/codeql-repo:/home/ace4_sijune/test/AVR/rule/VUL4J-1 --qlconfig-file=/home/ace4_sijune/test/AVR/qlconfig.yml --include-extension-row-locations -- /home/ace4_sijune/test/AVR/rule/VUL4J-1/gemini-1_5-flash
[2025-06-27 09:38:22] [SPAMMY] resolve extensions-by-pack> [INCOMPATIBILITY] <anonymous pack>: not 0.0.0 {root: <anonymous pack>@0.0.0}
[2025-06-27 09:38:22] [SPAMMY] resolve extensions-by-pack> [DERIVATION] <anonymous pack>: 0.0.0 {<anonymous pack>: not 0.0.0 {root: <anonymous pack>@0.0.0}}
[2025-06-27 09:38:22] [SPAMMY] resolve extensions-by-pack> [DECISION 1] <anonymous pack>: 0.0.0
[2025-06-27 09:38:22] Plumbing command codeql resolve extensions-by-pack completed:
                      {
                        "models" : [ ],
                        "data" : { },
                        "threatModels" : { },
                        "extensionPacks" : [ ]
                      }
[2025-06-27 09:38:22] Plumbing command codeql resolve extensions completed:
                      {
                        "models" : [ ],
                        "data" : { },
                        "threatModels" : { },
                        "extensionPacks" : [ ]
                      }
[2025-06-27 09:38:22] Calling plumbing command: codeql resolve library-path --search-path=/opt/codeql-repo:/home/ace4_sijune/test/AVR/rule/VUL4J-1 --qlconfig-file=/home/ace4_sijune/test/AVR/qlconfig.yml --query=/home/ace4_sijune/test/AVR/rule/VUL4J-1/gemini-1_5-flash/codeql1-ObjectArrayCodec.ql --format=json
[2025-06-27 09:38:22] [DETAILS] resolve library-path> Resolving query at normalized path /home/ace4_sijune/test/AVR/rule/VUL4J-1/gemini-1_5-flash/codeql1-ObjectArrayCodec.ql.
[2025-06-27 09:38:22] [DETAILS] resolve library-path> Found no pack; trying after symlink resolution with /home/ace4_sijune/test/AVR/rule/VUL4J-1/gemini-1_5-flash/codeql1-ObjectArrayCodec.ql.
[2025-06-27 09:38:22] [DETAILS] resolve library-path> Found enclosing pack 'gemini-1_5-flash' at /home/ace4_sijune/test/AVR/rule/VUL4J-1/gemini-1_5-flash.
[2025-06-27 09:38:22] [DETAILS] resolve library-path> Adding compilation cache at /home/ace4_sijune/.codeql/compile-cache.
[2025-06-27 09:38:22] [DETAILS] resolve library-path> Resolving library dependencies from /home/ace4_sijune/test/AVR/rule/VUL4J-1/gemini-1_5-flash/codeql1-ObjectArrayCodec.ql.
[2025-06-27 09:38:22] [SPAMMY] resolve library-path> [INCOMPATIBILITY] <anonymous pack>: not 0.0.0 {root: <anonymous pack>@0.0.0}
[2025-06-27 09:38:22] [SPAMMY] resolve library-path> [DERIVATION] <anonymous pack>: 0.0.0 {<anonymous pack>: not 0.0.0 {root: <anonymous pack>@0.0.0}}
[2025-06-27 09:38:22] [SPAMMY] resolve library-path> [DECISION 1] <anonymous pack>: 0.0.0
[2025-06-27 09:38:22] [DETAILS] resolve library-path> QL pack dependencies for /home/ace4_sijune/test/AVR/rule/VUL4J-1/gemini-1_5-flash resolved OK.
[2025-06-27 09:38:22] [DETAILS] resolve library-path> Found no dbscheme through dependencies.
[2025-06-27 09:38:22] Plumbing command codeql resolve library-path completed:
                      {
                        "libraryPath" : [
                          "/home/ace4_sijune/test/AVR/rule/VUL4J-1/gemini-1_5-flash"
                        ],
                        "compilationCache" : [
                          "/home/ace4_sijune/.codeql/compile-cache"
                        ],
                        "relativeName" : "gemini-1_5-flash/codeql1-ObjectArrayCodec.ql",
                        "possibleAdvice" : "There should probably be a qlpack.yml file declaring dependencies in /home/ace4_sijune/test/AVR/rule/VUL4J-1/gemini-1_5-flash or an enclosing directory.",
                        "qlPackName" : "gemini-1_5-flash"
                      }
[2025-06-27 09:38:22] [PROGRESS] execute queries> Compiling query plan for /home/ace4_sijune/test/AVR/rule/VUL4J-1/gemini-1_5-flash/codeql1-ObjectArrayCodec.ql.
[2025-06-27 09:38:22] [DETAILS] execute queries> Resolving imports for /home/ace4_sijune/test/AVR/rule/VUL4J-1/gemini-1_5-flash/codeql1-ObjectArrayCodec.ql.
[2025-06-27 09:38:22] Resolved file set for /home/ace4_sijune/test/AVR/rule/VUL4J-1/gemini-1_5-flash/codeql1-ObjectArrayCodec.ql hashes to 8a7402cccd3f51aae9c74029032280a8.
[2025-06-27 09:38:22] [DETAILS] execute queries> Checking QL for /home/ace4_sijune/test/AVR/rule/VUL4J-1/gemini-1_5-flash/codeql1-ObjectArrayCodec.ql.
[2025-06-27 09:38:23] Stale frontend caches are invalidated based on import graph reachability.
[2025-06-27 09:38:23] ExternalModuleBindingPass ...
[2025-06-27 09:38:23] ExternalModuleBindingPass time: 00:00.000
[2025-06-27 09:38:23] CollectInstantiationsPass ...
[2025-06-27 09:38:23] CollectInstantiationsPass time: 00:00.003
[2025-06-27 09:38:23] Ql checks ...
[2025-06-27 09:38:23] Ql checks time: 00:00.074
[2025-06-27 09:38:23] [ERROR] execute queries> ERROR: could not resolve module java (/home/ace4_sijune/test/AVR/rule/VUL4J-1/gemini-1_5-flash/codeql1-ObjectArrayCodec.ql:9,8-12)
[2025-06-27 09:38:23] [ERROR] execute queries> ERROR: could not resolve module semmle.code.java.dataflow.DataFlow (/home/ace4_sijune/test/AVR/rule/VUL4J-1/gemini-1_5-flash/codeql1-ObjectArrayCodec.ql:10,8-42)
[2025-06-27 09:38:23] [ERROR] execute queries> ERROR: could not resolve module DataFlow (/home/ace4_sijune/test/AVR/rule/VUL4J-1/gemini-1_5-flash/codeql1-ObjectArrayCodec.ql:12,26-34)
[2025-06-27 09:38:23] [ERROR] execute queries> ERROR: asParameter() cannot be resolved for type VulnSource.extends (/home/ace4_sijune/test/AVR/rule/VUL4J-1/gemini-1_5-flash/codeql1-ObjectArrayCodec.ql:14,10-21)
[2025-06-27 09:38:23] [ERROR] execute queries> ERROR: asParameter() cannot be resolved for type VulnSource.extends (/home/ace4_sijune/test/AVR/rule/VUL4J-1/gemini-1_5-flash/codeql1-ObjectArrayCodec.ql:15,10-21)
[2025-06-27 09:38:23] [ERROR] execute queries> ERROR: could not resolve module DataFlow (/home/ace4_sijune/test/AVR/rule/VUL4J-1/gemini-1_5-flash/codeql1-ObjectArrayCodec.ql:19,24-32)
[2025-06-27 09:38:23] [ERROR] execute queries> ERROR: could not resolve type MethodAccess (/home/ace4_sijune/test/AVR/rule/VUL4J-1/gemini-1_5-flash/codeql1-ObjectArrayCodec.ql:21,12-24)
[2025-06-27 09:38:23] [ERROR] execute queries> ERROR: asExpr() cannot be resolved for type VulnSink.extends (/home/ace4_sijune/test/AVR/rule/VUL4J-1/gemini-1_5-flash/codeql1-ObjectArrayCodec.ql:23,12-18)
[2025-06-27 09:38:23] [ERROR] execute queries> ERROR: could not resolve module DataFlow (/home/ace4_sijune/test/AVR/rule/VUL4J-1/gemini-1_5-flash/codeql1-ObjectArrayCodec.ql:28,26-34)
[2025-06-27 09:38:23] [ERROR] execute queries> ERROR: could not resolve module DataFlow (/home/ace4_sijune/test/AVR/rule/VUL4J-1/gemini-1_5-flash/codeql1-ObjectArrayCodec.ql:31,31-39)
[2025-06-27 09:38:23] [ERROR] execute queries> ERROR: could not resolve module DataFlow (/home/ace4_sijune/test/AVR/rule/VUL4J-1/gemini-1_5-flash/codeql1-ObjectArrayCodec.ql:35,29-37)
[2025-06-27 09:38:23] [ERROR] execute queries> ERROR: could not resolve module DataFlow (/home/ace4_sijune/test/AVR/rule/VUL4J-1/gemini-1_5-flash/codeql1-ObjectArrayCodec.ql:39,32-40)
[2025-06-27 09:38:23] [ERROR] execute queries> ERROR: could not resolve type MethodAccess (/home/ace4_sijune/test/AVR/rule/VUL4J-1/gemini-1_5-flash/codeql1-ObjectArrayCodec.ql:40,12-24)
[2025-06-27 09:38:23] [ERROR] execute queries> ERROR: could not resolve module DataFlow (/home/ace4_sijune/test/AVR/rule/VUL4J-1/gemini-1_5-flash/codeql1-ObjectArrayCodec.ql:42,7-15)
[2025-06-27 09:38:23] [ERROR] execute queries> ERROR: could not resolve module DataFlow (/home/ace4_sijune/test/AVR/rule/VUL4J-1/gemini-1_5-flash/codeql1-ObjectArrayCodec.ql:42,33-41)
[2025-06-27 09:38:23] [ERROR] execute queries> ERROR: could not resolve module DataFlow (/home/ace4_sijune/test/AVR/rule/VUL4J-1/gemini-1_5-flash/codeql1-ObjectArrayCodec.ql:47,25-33)
[2025-06-27 09:38:23] [ERROR] execute queries> ERROR: could not resolve module DataFlow (/home/ace4_sijune/test/AVR/rule/VUL4J-1/gemini-1_5-flash/codeql1-ObjectArrayCodec.ql:47,48-56)
[2025-06-27 09:38:23] [WARN] execute queries> WARNING: unused variable 'node' (/home/ace4_sijune/test/AVR/rule/VUL4J-1/gemini-1_5-flash/codeql1-ObjectArrayCodec.ql:39,47-51)
[2025-06-27 09:38:23] [WARN] execute queries> WARNING: unused method 'isSource' (/home/ace4_sijune/test/AVR/rule/VUL4J-1/gemini-1_5-flash/codeql1-ObjectArrayCodec.ql:31,22-30)
[2025-06-27 09:38:23] [WARN] execute queries> WARNING: unused method 'isSink' (/home/ace4_sijune/test/AVR/rule/VUL4J-1/gemini-1_5-flash/codeql1-ObjectArrayCodec.ql:35,22-28)
[2025-06-27 09:38:23] [WARN] execute queries> WARNING: unused method 'isBarrier' (/home/ace4_sijune/test/AVR/rule/VUL4J-1/gemini-1_5-flash/codeql1-ObjectArrayCodec.ql:39,22-31)
[2025-06-27 09:38:23] Sequence stamp origin is -6033463960989277540
[2025-06-27 09:38:23] Pausing evaluation to close the cache at sequence stamp o+0
[2025-06-27 09:38:23] The disk cache is freshly trimmed; leave it be.
[2025-06-27 09:38:23] Unpausing evaluation
[2025-06-27 09:38:23] This NaiveBuddyAllocator requested 0 eviction rounds.
[2025-06-27 09:38:23] Exiting with code 2
