[2025-06-27 02:36:31] This is codeql execute queries -J-Xmx12873M --off-heap-ram=16015 --verbosity=progress --logdir=/home/ace4_sijune/test/AVR/codeql/codeql_db_5663/log --evaluator-log-level=5 --warnings=show --dynamic-join-order-mode=none --search-path=/opt/codeql-repo:/home/ace4_sijune/test/AVR/rule/VUL4J-1 --qlconfig-file=/home/ace4_sijune/test/AVR/qlconfig.yml --output=/home/ace4_sijune/test/AVR/rule/VUL4J-39/gemini-1_5-flash/codeql39-UaaAuthenticationDetails.ql.bqrs -- /home/ace4_sijune/test/AVR/codeql/codeql_db_5663/db-java path:/home/ace4_sijune/test/AVR/rule/VUL4J-39/gemini-1_5-flash/codeql39-UaaAuthenticationDetails.ql
[2025-06-27 02:36:31] Calling plumbing command: codeql resolve queries --search-path=/opt/codeql-repo:/home/ace4_sijune/test/AVR/rule/VUL4J-1 --qlconfig-file=/home/ace4_sijune/test/AVR/qlconfig.yml --format=json -- path:/home/ace4_sijune/test/AVR/rule/VUL4J-39/gemini-1_5-flash/codeql39-UaaAuthenticationDetails.ql
[2025-06-27 02:36:31] [PROGRESS] resolve queries> Recording pack reference (anonymous QL pack at /home/ace4_sijune/test/AVR/rule/VUL4J-39/gemini-1_5-flash/codeql39-UaaAuthenticationDetails.ql) at /home/ace4_sijune/test/AVR/rule/VUL4J-39/gemini-1_5-flash.
[2025-06-27 02:36:31] Plumbing command codeql resolve queries completed:
                      [
                        "/home/ace4_sijune/test/AVR/rule/VUL4J-39/gemini-1_5-flash/codeql39-UaaAuthenticationDetails.ql"
                      ]
[2025-06-27 02:36:31] Refusing fancy output: $CODEQL_ISATTY terminal indication is missing
[2025-06-27 02:36:31] Creating executor with 1 threads.
[2025-06-27 02:36:31] Calling plumbing command: codeql resolve extensions --search-path=/opt/codeql-repo:/home/ace4_sijune/test/AVR/rule/VUL4J-1 --qlconfig-file=/home/ace4_sijune/test/AVR/qlconfig.yml --include-extension-row-locations path:/home/ace4_sijune/test/AVR/rule/VUL4J-39/gemini-1_5-flash/codeql39-UaaAuthenticationDetails.ql
[2025-06-27 02:36:31] Calling plumbing command: codeql resolve queries --search-path=/opt/codeql-repo:/home/ace4_sijune/test/AVR/rule/VUL4J-1 --qlconfig-file=/home/ace4_sijune/test/AVR/qlconfig.yml --allow-library-packs --format startingpacks -- path:/home/ace4_sijune/test/AVR/rule/VUL4J-39/gemini-1_5-flash/codeql39-UaaAuthenticationDetails.ql
[2025-06-27 02:36:31] [PROGRESS] resolve queries> Recording pack reference (anonymous QL pack at /home/ace4_sijune/test/AVR/rule/VUL4J-39/gemini-1_5-flash/codeql39-UaaAuthenticationDetails.ql) at /home/ace4_sijune/test/AVR/rule/VUL4J-39/gemini-1_5-flash.
[2025-06-27 02:36:31] Plumbing command codeql resolve queries completed:
                      [
                        "/home/ace4_sijune/test/AVR/rule/VUL4J-39/gemini-1_5-flash"
                      ]
[2025-06-27 02:36:31] Calling plumbing command: codeql resolve extensions-by-pack --search-path=/opt/codeql-repo:/home/ace4_sijune/test/AVR/rule/VUL4J-1 --qlconfig-file=/home/ace4_sijune/test/AVR/qlconfig.yml --include-extension-row-locations -- /home/ace4_sijune/test/AVR/rule/VUL4J-39/gemini-1_5-flash
[2025-06-27 02:36:31] [SPAMMY] resolve extensions-by-pack> [INCOMPATIBILITY] <anonymous pack>: not 0.0.0 {root: <anonymous pack>@0.0.0}
[2025-06-27 02:36:31] [SPAMMY] resolve extensions-by-pack> [DERIVATION] <anonymous pack>: 0.0.0 {<anonymous pack>: not 0.0.0 {root: <anonymous pack>@0.0.0}}
[2025-06-27 02:36:31] [SPAMMY] resolve extensions-by-pack> [DECISION 1] <anonymous pack>: 0.0.0
[2025-06-27 02:36:31] Plumbing command codeql resolve extensions-by-pack completed:
                      {
                        "models" : [ ],
                        "data" : { },
                        "threatModels" : { },
                        "extensionPacks" : [ ]
                      }
[2025-06-27 02:36:31] Plumbing command codeql resolve extensions completed:
                      {
                        "models" : [ ],
                        "data" : { },
                        "threatModels" : { },
                        "extensionPacks" : [ ]
                      }
[2025-06-27 02:36:31] Calling plumbing command: codeql resolve library-path --search-path=/opt/codeql-repo:/home/ace4_sijune/test/AVR/rule/VUL4J-1 --qlconfig-file=/home/ace4_sijune/test/AVR/qlconfig.yml --query=/home/ace4_sijune/test/AVR/rule/VUL4J-39/gemini-1_5-flash/codeql39-UaaAuthenticationDetails.ql --format=json
[2025-06-27 02:36:31] [DETAILS] resolve library-path> Resolving query at normalized path /home/ace4_sijune/test/AVR/rule/VUL4J-39/gemini-1_5-flash/codeql39-UaaAuthenticationDetails.ql.
[2025-06-27 02:36:31] [DETAILS] resolve library-path> Found no pack; trying after symlink resolution with /home/ace4_sijune/test/AVR/rule/VUL4J-39/gemini-1_5-flash/codeql39-UaaAuthenticationDetails.ql.
[2025-06-27 02:36:31] [DETAILS] resolve library-path> Found enclosing pack 'gemini-1_5-flash' at /home/ace4_sijune/test/AVR/rule/VUL4J-39/gemini-1_5-flash.
[2025-06-27 02:36:32] [DETAILS] resolve library-path> Adding compilation cache at /home/ace4_sijune/.codeql/compile-cache.
[2025-06-27 02:36:32] [DETAILS] resolve library-path> Resolving library dependencies from /home/ace4_sijune/test/AVR/rule/VUL4J-39/gemini-1_5-flash/codeql39-UaaAuthenticationDetails.ql.
[2025-06-27 02:36:32] [SPAMMY] resolve library-path> [INCOMPATIBILITY] <anonymous pack>: not 0.0.0 {root: <anonymous pack>@0.0.0}
[2025-06-27 02:36:32] [SPAMMY] resolve library-path> [DERIVATION] <anonymous pack>: 0.0.0 {<anonymous pack>: not 0.0.0 {root: <anonymous pack>@0.0.0}}
[2025-06-27 02:36:32] [SPAMMY] resolve library-path> [DECISION 1] <anonymous pack>: 0.0.0
[2025-06-27 02:36:32] [DETAILS] resolve library-path> QL pack dependencies for /home/ace4_sijune/test/AVR/rule/VUL4J-39/gemini-1_5-flash resolved OK.
[2025-06-27 02:36:32] [DETAILS] resolve library-path> Found no dbscheme through dependencies.
[2025-06-27 02:36:32] Plumbing command codeql resolve library-path completed:
                      {
                        "libraryPath" : [
                          "/home/ace4_sijune/test/AVR/rule/VUL4J-39/gemini-1_5-flash"
                        ],
                        "compilationCache" : [
                          "/home/ace4_sijune/.codeql/compile-cache"
                        ],
                        "relativeName" : "gemini-1_5-flash/codeql39-UaaAuthenticationDetails.ql",
                        "possibleAdvice" : "There should probably be a qlpack.yml file declaring dependencies in /home/ace4_sijune/test/AVR/rule/VUL4J-39/gemini-1_5-flash or an enclosing directory.",
                        "qlPackName" : "gemini-1_5-flash"
                      }
[2025-06-27 02:36:32] [PROGRESS] execute queries> Compiling query plan for /home/ace4_sijune/test/AVR/rule/VUL4J-39/gemini-1_5-flash/codeql39-UaaAuthenticationDetails.ql.
[2025-06-27 02:36:32] [DETAILS] execute queries> Resolving imports for /home/ace4_sijune/test/AVR/rule/VUL4J-39/gemini-1_5-flash/codeql39-UaaAuthenticationDetails.ql.
[2025-06-27 02:36:32] Resolved file set for /home/ace4_sijune/test/AVR/rule/VUL4J-39/gemini-1_5-flash/codeql39-UaaAuthenticationDetails.ql hashes to 9f0435dd3a8018552122acf869ae8781.
[2025-06-27 02:36:32] [DETAILS] execute queries> Checking QL for /home/ace4_sijune/test/AVR/rule/VUL4J-39/gemini-1_5-flash/codeql39-UaaAuthenticationDetails.ql.
[2025-06-27 02:36:32] Stale frontend caches are invalidated based on import graph reachability.
[2025-06-27 02:36:32] ExternalModuleBindingPass ...
[2025-06-27 02:36:32] ExternalModuleBindingPass time: 00:00.000
[2025-06-27 02:36:32] CollectInstantiationsPass ...
[2025-06-27 02:36:32] CollectInstantiationsPass time: 00:00.003
[2025-06-27 02:36:32] Ql checks ...
[2025-06-27 02:36:32] Ql checks time: 00:00.043
[2025-06-27 02:36:32] [ERROR] execute queries> ERROR: unexpected input 'select' expecting one of: 'any', 'avg', 'boolean', 'count', 'date', 'exists', 'false', 'float', 'forall', 'forex', 'if', 'int', 'max', 'min', 'not', 'none', 'rank', 'result', 'strictcount', 'strictsum', 'strictconcat', 'concat', 'string', 'sum', 'super', 'this', 'true', '-', '(', '[', '+', Lowerid, Upperid, Atlowerid, Integer, Float, String (/home/ace4_sijune/test/AVR/rule/VUL4J-39/gemini-1_5-flash/codeql39-UaaAuthenticationDetails.ql:22,1-7)
[2025-06-27 02:36:32] [ERROR] execute queries> ERROR: could not resolve module java (/home/ace4_sijune/test/AVR/rule/VUL4J-39/gemini-1_5-flash/codeql39-UaaAuthenticationDetails.ql:9,8-12)
[2025-06-27 02:36:32] [ERROR] execute queries> ERROR: could not resolve type Method (/home/ace4_sijune/test/AVR/rule/VUL4J-39/gemini-1_5-flash/codeql39-UaaAuthenticationDetails.ql:17,6-12)
[2025-06-27 02:36:32] [ERROR] execute queries> ERROR: could not resolve type IfStmt (/home/ace4_sijune/test/AVR/rule/VUL4J-39/gemini-1_5-flash/codeql39-UaaAuthenticationDetails.ql:17,16-22)
[2025-06-27 02:36:32] Sequence stamp origin is -6033572669689826684
[2025-06-27 02:36:32] Pausing evaluation to close the cache at sequence stamp o+0
[2025-06-27 02:36:32] The disk cache is freshly trimmed; leave it be.
[2025-06-27 02:36:32] Unpausing evaluation
[2025-06-27 02:36:32] This NaiveBuddyAllocator requested 0 eviction rounds.
[2025-06-27 02:36:32] Exiting with code 2
