[2025-06-27 02:14:19] This is codeql execute queries -J-Xmx12873M --off-heap-ram=16015 --verbosity=progress --logdir=/home/ace4_sijune/test/AVR/codeql/codeql_db_4173012/log --evaluator-log-level=5 --warnings=show --dynamic-join-order-mode=none --search-path=/opt/codeql-repo:/home/ace4_sijune/test/AVR/rule/VUL4J-1 --qlconfig-file=/home/ace4_sijune/test/AVR/qlconfig.yml --output=/home/ace4_sijune/test/AVR/rule/VUL4J-1/qwen_32b/codeql1-deserialze.ql.bqrs -- /home/ace4_sijune/test/AVR/codeql/codeql_db_4173012/db-java path:/home/ace4_sijune/test/AVR/rule/VUL4J-1/qwen_32b/codeql1-deserialze.ql
[2025-06-27 02:14:19] Calling plumbing command: codeql resolve queries --search-path=/opt/codeql-repo:/home/ace4_sijune/test/AVR/rule/VUL4J-1 --qlconfig-file=/home/ace4_sijune/test/AVR/qlconfig.yml --format=json -- path:/home/ace4_sijune/test/AVR/rule/VUL4J-1/qwen_32b/codeql1-deserialze.ql
[2025-06-27 02:14:20] [PROGRESS] resolve queries> Recording pack reference (anonymous QL pack at /home/ace4_sijune/test/AVR/rule/VUL4J-1/qwen_32b/codeql1-deserialze.ql) at /home/ace4_sijune/test/AVR/rule/VUL4J-1/qwen_32b.
[2025-06-27 02:14:20] Plumbing command codeql resolve queries completed:
                      [
                        "/home/ace4_sijune/test/AVR/rule/VUL4J-1/qwen_32b/codeql1-deserialze.ql"
                      ]
[2025-06-27 02:14:20] Refusing fancy output: $CODEQL_ISATTY terminal indication is missing
[2025-06-27 02:14:20] Creating executor with 1 threads.
[2025-06-27 02:14:20] Calling plumbing command: codeql resolve extensions --search-path=/opt/codeql-repo:/home/ace4_sijune/test/AVR/rule/VUL4J-1 --qlconfig-file=/home/ace4_sijune/test/AVR/qlconfig.yml --include-extension-row-locations path:/home/ace4_sijune/test/AVR/rule/VUL4J-1/qwen_32b/codeql1-deserialze.ql
[2025-06-27 02:14:20] Calling plumbing command: codeql resolve queries --search-path=/opt/codeql-repo:/home/ace4_sijune/test/AVR/rule/VUL4J-1 --qlconfig-file=/home/ace4_sijune/test/AVR/qlconfig.yml --allow-library-packs --format startingpacks -- path:/home/ace4_sijune/test/AVR/rule/VUL4J-1/qwen_32b/codeql1-deserialze.ql
[2025-06-27 02:14:20] [PROGRESS] resolve queries> Recording pack reference (anonymous QL pack at /home/ace4_sijune/test/AVR/rule/VUL4J-1/qwen_32b/codeql1-deserialze.ql) at /home/ace4_sijune/test/AVR/rule/VUL4J-1/qwen_32b.
[2025-06-27 02:14:20] Plumbing command codeql resolve queries completed:
                      [
                        "/home/ace4_sijune/test/AVR/rule/VUL4J-1/qwen_32b"
                      ]
[2025-06-27 02:14:20] Calling plumbing command: codeql resolve extensions-by-pack --search-path=/opt/codeql-repo:/home/ace4_sijune/test/AVR/rule/VUL4J-1 --qlconfig-file=/home/ace4_sijune/test/AVR/qlconfig.yml --include-extension-row-locations -- /home/ace4_sijune/test/AVR/rule/VUL4J-1/qwen_32b
[2025-06-27 02:14:20] [SPAMMY] resolve extensions-by-pack> [INCOMPATIBILITY] <anonymous pack>: not 0.0.0 {root: <anonymous pack>@0.0.0}
[2025-06-27 02:14:20] [SPAMMY] resolve extensions-by-pack> [DERIVATION] <anonymous pack>: 0.0.0 {<anonymous pack>: not 0.0.0 {root: <anonymous pack>@0.0.0}}
[2025-06-27 02:14:20] [SPAMMY] resolve extensions-by-pack> [DECISION 1] <anonymous pack>: 0.0.0
[2025-06-27 02:14:20] Plumbing command codeql resolve extensions-by-pack completed:
                      {
                        "models" : [ ],
                        "data" : { },
                        "threatModels" : { },
                        "extensionPacks" : [ ]
                      }
[2025-06-27 02:14:20] Plumbing command codeql resolve extensions completed:
                      {
                        "models" : [ ],
                        "data" : { },
                        "threatModels" : { },
                        "extensionPacks" : [ ]
                      }
[2025-06-27 02:14:20] Calling plumbing command: codeql resolve library-path --search-path=/opt/codeql-repo:/home/ace4_sijune/test/AVR/rule/VUL4J-1 --qlconfig-file=/home/ace4_sijune/test/AVR/qlconfig.yml --query=/home/ace4_sijune/test/AVR/rule/VUL4J-1/qwen_32b/codeql1-deserialze.ql --format=json
[2025-06-27 02:14:20] [DETAILS] resolve library-path> Resolving query at normalized path /home/ace4_sijune/test/AVR/rule/VUL4J-1/qwen_32b/codeql1-deserialze.ql.
[2025-06-27 02:14:20] [DETAILS] resolve library-path> Found no pack; trying after symlink resolution with /home/ace4_sijune/test/AVR/rule/VUL4J-1/qwen_32b/codeql1-deserialze.ql.
[2025-06-27 02:14:20] [DETAILS] resolve library-path> Found enclosing pack 'qwen_32b' at /home/ace4_sijune/test/AVR/rule/VUL4J-1/qwen_32b.
[2025-06-27 02:14:20] [DETAILS] resolve library-path> Adding compilation cache at /home/ace4_sijune/.codeql/compile-cache.
[2025-06-27 02:14:20] [DETAILS] resolve library-path> Resolving library dependencies from /home/ace4_sijune/test/AVR/rule/VUL4J-1/qwen_32b/codeql1-deserialze.ql.
[2025-06-27 02:14:20] [SPAMMY] resolve library-path> [INCOMPATIBILITY] <anonymous pack>: not 0.0.0 {root: <anonymous pack>@0.0.0}
[2025-06-27 02:14:20] [SPAMMY] resolve library-path> [DERIVATION] <anonymous pack>: 0.0.0 {<anonymous pack>: not 0.0.0 {root: <anonymous pack>@0.0.0}}
[2025-06-27 02:14:20] [SPAMMY] resolve library-path> [DECISION 1] <anonymous pack>: 0.0.0
[2025-06-27 02:14:20] [DETAILS] resolve library-path> QL pack dependencies for /home/ace4_sijune/test/AVR/rule/VUL4J-1/qwen_32b resolved OK.
[2025-06-27 02:14:20] [DETAILS] resolve library-path> Found no dbscheme through dependencies.
[2025-06-27 02:14:20] Plumbing command codeql resolve library-path completed:
                      {
                        "libraryPath" : [
                          "/home/ace4_sijune/test/AVR/rule/VUL4J-1/qwen_32b"
                        ],
                        "compilationCache" : [
                          "/home/ace4_sijune/.codeql/compile-cache"
                        ],
                        "relativeName" : "qwen_32b/codeql1-deserialze.ql",
                        "possibleAdvice" : "There should probably be a qlpack.yml file declaring dependencies in /home/ace4_sijune/test/AVR/rule/VUL4J-1/qwen_32b or an enclosing directory.",
                        "qlPackName" : "qwen_32b"
                      }
[2025-06-27 02:14:20] [PROGRESS] execute queries> Compiling query plan for /home/ace4_sijune/test/AVR/rule/VUL4J-1/qwen_32b/codeql1-deserialze.ql.
[2025-06-27 02:14:20] [DETAILS] execute queries> Resolving imports for /home/ace4_sijune/test/AVR/rule/VUL4J-1/qwen_32b/codeql1-deserialze.ql.
[2025-06-27 02:14:20] Resolved file set for /home/ace4_sijune/test/AVR/rule/VUL4J-1/qwen_32b/codeql1-deserialze.ql hashes to b6fdcb45944baedfa9c77d9a11f43b79.
[2025-06-27 02:14:20] [DETAILS] execute queries> Checking QL for /home/ace4_sijune/test/AVR/rule/VUL4J-1/qwen_32b/codeql1-deserialze.ql.
[2025-06-27 02:14:20] Stale frontend caches are invalidated based on import graph reachability.
[2025-06-27 02:14:21] ExternalModuleBindingPass ...
[2025-06-27 02:14:21] ExternalModuleBindingPass time: 00:00.001
[2025-06-27 02:14:21] CollectInstantiationsPass ...
[2025-06-27 02:14:21] CollectInstantiationsPass time: 00:00.005
[2025-06-27 02:14:21] Ql checks ...
[2025-06-27 02:14:21] Ql checks time: 00:00.073
[2025-06-27 02:14:21] [ERROR] execute queries> ERROR: could not resolve module java (/home/ace4_sijune/test/AVR/rule/VUL4J-1/qwen_32b/codeql1-deserialze.ql:9,8-12)
[2025-06-27 02:14:21] [ERROR] execute queries> ERROR: could not resolve module semmle.code.java.dataflow.DataFlow (/home/ace4_sijune/test/AVR/rule/VUL4J-1/qwen_32b/codeql1-deserialze.ql:10,8-42)
[2025-06-27 02:14:21] [ERROR] execute queries> ERROR: could not resolve module DataFlow (/home/ace4_sijune/test/AVR/rule/VUL4J-1/qwen_32b/codeql1-deserialze.ql:12,26-34)
[2025-06-27 02:14:21] [ERROR] execute queries> ERROR: asParameter() cannot be resolved for type VulnSource.extends (/home/ace4_sijune/test/AVR/rule/VUL4J-1/qwen_32b/codeql1-deserialze.ql:14,10-21)
[2025-06-27 02:14:21] [ERROR] execute queries> ERROR: could not resolve module DataFlow (/home/ace4_sijune/test/AVR/rule/VUL4J-1/qwen_32b/codeql1-deserialze.ql:18,24-32)
[2025-06-27 02:14:21] [ERROR] execute queries> ERROR: could not resolve type MethodAccess (/home/ace4_sijune/test/AVR/rule/VUL4J-1/qwen_32b/codeql1-deserialze.ql:20,12-24)
[2025-06-27 02:14:21] [ERROR] execute queries> ERROR: asExpr() cannot be resolved for type VulnSink.extends (/home/ace4_sijune/test/AVR/rule/VUL4J-1/qwen_32b/codeql1-deserialze.ql:22,12-18)
[2025-06-27 02:14:21] [ERROR] execute queries> ERROR: could not resolve module DataFlow (/home/ace4_sijune/test/AVR/rule/VUL4J-1/qwen_32b/codeql1-deserialze.ql:29,26-34)
[2025-06-27 02:14:21] [ERROR] execute queries> ERROR: could not resolve module DataFlow (/home/ace4_sijune/test/AVR/rule/VUL4J-1/qwen_32b/codeql1-deserialze.ql:32,31-39)
[2025-06-27 02:14:21] [ERROR] execute queries> ERROR: could not resolve module DataFlow (/home/ace4_sijune/test/AVR/rule/VUL4J-1/qwen_32b/codeql1-deserialze.ql:36,29-37)
[2025-06-27 02:14:21] [ERROR] execute queries> ERROR: could not resolve module DataFlow (/home/ace4_sijune/test/AVR/rule/VUL4J-1/qwen_32b/codeql1-deserialze.ql:40,32-40)
[2025-06-27 02:14:21] [ERROR] execute queries> ERROR: could not resolve module DataFlow (/home/ace4_sijune/test/AVR/rule/VUL4J-1/qwen_32b/codeql1-deserialze.ql:45,25-33)
[2025-06-27 02:14:21] [ERROR] execute queries> ERROR: could not resolve module DataFlow (/home/ace4_sijune/test/AVR/rule/VUL4J-1/qwen_32b/codeql1-deserialze.ql:45,48-56)
[2025-06-27 02:14:21] [WARN] execute queries> WARNING: unused method 'isSource' (/home/ace4_sijune/test/AVR/rule/VUL4J-1/qwen_32b/codeql1-deserialze.ql:32,22-30)
[2025-06-27 02:14:21] [WARN] execute queries> WARNING: unused method 'isSink' (/home/ace4_sijune/test/AVR/rule/VUL4J-1/qwen_32b/codeql1-deserialze.ql:36,22-28)
[2025-06-27 02:14:21] [WARN] execute queries> WARNING: unused method 'isBarrier' (/home/ace4_sijune/test/AVR/rule/VUL4J-1/qwen_32b/codeql1-deserialze.ql:40,22-31)
[2025-06-27 02:14:21] Sequence stamp origin is -6033578387875154609
[2025-06-27 02:14:21] Pausing evaluation to close the cache at sequence stamp o+0
[2025-06-27 02:14:21] The disk cache is freshly trimmed; leave it be.
[2025-06-27 02:14:21] Unpausing evaluation
[2025-06-27 02:14:21] This NaiveBuddyAllocator requested 0 eviction rounds.
[2025-06-27 02:14:21] Exiting with code 2
