[2025-06-26 19:01:36] This is codeql execute queries -J-Xmx13085M --off-heap-ram=16279 --verbosity=progress --logdir=/home/ace4_sijune/test/AVR/test_codeql_db/log --evaluator-log-level=5 --warnings=show --dynamic-join-order-mode=none --search-path=/opt/codeql --qlconfig-file=/home/ace4_sijune/test/AVR/qlconfig.yml --output=/home/ace4_sijune/test/AVR/test_results.bqrs -- /home/ace4_sijune/test/AVR/test_codeql_db/db-java path:/home/ace4_sijune/test/AVR/test_query.ql
[2025-06-26 19:01:36] Calling plumbing command: codeql resolve queries --search-path=/opt/codeql --qlconfig-file=/home/ace4_sijune/test/AVR/qlconfig.yml --format=json -- path:/home/ace4_sijune/test/AVR/test_query.ql
[2025-06-26 19:01:36] [PROGRESS] resolve queries> Recording pack reference (anonymous QL pack at /home/ace4_sijune/test/AVR/test_query.ql) at /home/ace4_sijune/test/AVR.
[2025-06-26 19:01:36] Plumbing command codeql resolve queries completed:
                      [
                        "/home/ace4_sijune/test/AVR/test_query.ql"
                      ]
[2025-06-26 19:01:36] Refusing fancy output: terminal size is too small 2x114, minimum value 10x10
[2025-06-26 19:01:36] Creating executor with 1 threads.
[2025-06-26 19:01:36] Calling plumbing command: codeql resolve extensions --search-path=/opt/codeql --qlconfig-file=/home/ace4_sijune/test/AVR/qlconfig.yml --include-extension-row-locations path:/home/ace4_sijune/test/AVR/test_query.ql
[2025-06-26 19:01:36] Calling plumbing command: codeql resolve queries --search-path=/opt/codeql --qlconfig-file=/home/ace4_sijune/test/AVR/qlconfig.yml --allow-library-packs --format startingpacks -- path:/home/ace4_sijune/test/AVR/test_query.ql
[2025-06-26 19:01:36] [PROGRESS] resolve queries> Recording pack reference (anonymous QL pack at /home/ace4_sijune/test/AVR/test_query.ql) at /home/ace4_sijune/test/AVR.
[2025-06-26 19:01:36] Plumbing command codeql resolve queries completed:
                      [
                        "/home/ace4_sijune/test/AVR"
                      ]
[2025-06-26 19:01:36] Calling plumbing command: codeql resolve extensions-by-pack --search-path=/opt/codeql --qlconfig-file=/home/ace4_sijune/test/AVR/qlconfig.yml --include-extension-row-locations -- /home/ace4_sijune/test/AVR
[2025-06-26 19:01:36] [SPAMMY] resolve extensions-by-pack> [INCOMPATIBILITY] <anonymous pack>: not 0.0.0 {root: <anonymous pack>@0.0.0}
[2025-06-26 19:01:36] [SPAMMY] resolve extensions-by-pack> [DERIVATION] <anonymous pack>: 0.0.0 {<anonymous pack>: not 0.0.0 {root: <anonymous pack>@0.0.0}}
[2025-06-26 19:01:36] [SPAMMY] resolve extensions-by-pack> [DECISION 1] <anonymous pack>: 0.0.0
[2025-06-26 19:01:36] Plumbing command codeql resolve extensions-by-pack completed:
                      {
                        "models" : [ ],
                        "data" : { },
                        "threatModels" : { },
                        "extensionPacks" : [ ]
                      }
[2025-06-26 19:01:36] Plumbing command codeql resolve extensions completed:
                      {
                        "models" : [ ],
                        "data" : { },
                        "threatModels" : { },
                        "extensionPacks" : [ ]
                      }
[2025-06-26 19:01:36] Calling plumbing command: codeql resolve library-path --search-path=/opt/codeql --qlconfig-file=/home/ace4_sijune/test/AVR/qlconfig.yml --query=/home/ace4_sijune/test/AVR/test_query.ql --format=json
[2025-06-26 19:01:36] [DETAILS] resolve library-path> Resolving query at normalized path /home/ace4_sijune/test/AVR/test_query.ql.
[2025-06-26 19:01:36] [DETAILS] resolve library-path> Found no pack; trying after symlink resolution with /home/ace4_sijune/test/AVR/test_query.ql.
[2025-06-26 19:01:36] [DETAILS] resolve library-path> Found enclosing pack 'AVR' at /home/ace4_sijune/test/AVR.
[2025-06-26 19:01:36] [DETAILS] resolve library-path> Adding compilation cache at /home/ace4_sijune/.codeql/compile-cache.
[2025-06-26 19:01:36] [DETAILS] resolve library-path> Resolving library dependencies from /home/ace4_sijune/test/AVR/test_query.ql.
[2025-06-26 19:01:36] [SPAMMY] resolve library-path> [INCOMPATIBILITY] <anonymous pack>: not 0.0.0 {root: <anonymous pack>@0.0.0}
[2025-06-26 19:01:36] [SPAMMY] resolve library-path> [DERIVATION] <anonymous pack>: 0.0.0 {<anonymous pack>: not 0.0.0 {root: <anonymous pack>@0.0.0}}
[2025-06-26 19:01:36] [SPAMMY] resolve library-path> [DECISION 1] <anonymous pack>: 0.0.0
[2025-06-26 19:01:36] [DETAILS] resolve library-path> QL pack dependencies for /home/ace4_sijune/test/AVR resolved OK.
[2025-06-26 19:01:36] [DETAILS] resolve library-path> Found no dbscheme through dependencies.
[2025-06-26 19:01:36] Plumbing command codeql resolve library-path completed:
                      {
                        "libraryPath" : [
                          "/home/ace4_sijune/test/AVR"
                        ],
                        "compilationCache" : [
                          "/home/ace4_sijune/.codeql/compile-cache"
                        ],
                        "relativeName" : "AVR/test_query.ql",
                        "possibleAdvice" : "There should probably be a qlpack.yml file declaring dependencies in /home/ace4_sijune/test/AVR or an enclosing directory.",
                        "qlPackName" : "AVR"
                      }
[2025-06-26 19:01:36] [PROGRESS] execute queries> Compiling query plan for /home/ace4_sijune/test/AVR/test_query.ql.
[2025-06-26 19:01:36] [DETAILS] execute queries> Resolving imports for /home/ace4_sijune/test/AVR/test_query.ql.
[2025-06-26 19:01:36] Resolved file set for /home/ace4_sijune/test/AVR/test_query.ql hashes to fc11a2fdc6d21b27d883318216a87771.
[2025-06-26 19:01:36] [DETAILS] execute queries> Checking QL for /home/ace4_sijune/test/AVR/test_query.ql.
[2025-06-26 19:01:37] Stale frontend caches are invalidated based on import graph reachability.
[2025-06-26 19:01:37] ExternalModuleBindingPass ...
[2025-06-26 19:01:37] ExternalModuleBindingPass time: 00:00.000
[2025-06-26 19:01:37] CollectInstantiationsPass ...
[2025-06-26 19:01:37] CollectInstantiationsPass time: 00:00.004
[2025-06-26 19:01:37] Ql checks ...
[2025-06-26 19:01:37] Ql checks time: 00:00.039
[2025-06-26 19:01:37] [ERROR] execute queries> ERROR: could not resolve module java (/home/ace4_sijune/test/AVR/test_query.ql:9,8-12)
[2025-06-26 19:01:37] [ERROR] execute queries> ERROR: could not resolve type Method (/home/ace4_sijune/test/AVR/test_query.ql:11,6-12)
[2025-06-26 19:01:37] Sequence stamp origin is -6033689901660841464
[2025-06-26 19:01:37] Pausing evaluation to close the cache at sequence stamp o+0
[2025-06-26 19:01:37] The disk cache is freshly trimmed; leave it be.
[2025-06-26 19:01:37] Unpausing evaluation
[2025-06-26 19:01:37] This NaiveBuddyAllocator requested 0 eviction rounds.
[2025-06-26 19:01:37] Exiting with code 2
